


ARM Macro Assembler    Page 1 


    1 00000000         ;/******************************************************
                       ********************//**
    2 00000000         ; * @file     startup_LPC17xx.s
    3 00000000         ; * @brief    CMSIS Cortex-M3 Core Device Startup File f
                       or
    4 00000000         ; *           NXP LPC17xx Device Series
    5 00000000         ; * @version  V1.10
    6 00000000         ; * @date     06. April 2011
    7 00000000         ; *
    8 00000000         ; * @note
    9 00000000         ; * Copyright (C) 2009-2011 ARM Limited. All rights rese
                       rved.
   10 00000000         ; *
   11 00000000         ; * @par
   12 00000000         ; * ARM Limited (ARM) is supplying this software for use
                        with Cortex-M
   13 00000000         ; * processor based microcontrollers.  This file can be 
                       freely distributed
   14 00000000         ; * within development tools that are supporting such AR
                       M based processors.
   15 00000000         ; *
   16 00000000         ; * @par
   17 00000000         ; * THIS SOFTWARE IS PROVIDED "AS IS".  NO WARRANTIES, W
                       HETHER EXPRESS, IMPLIED
   18 00000000         ; * OR STATUTORY, INCLUDING, BUT NOT LIMITED TO, IMPLIED
                        WARRANTIES OF
   19 00000000         ; * MERCHANTABILITY AND FITNESS FOR A PARTICULAR PURPOSE
                        APPLY TO THIS SOFTWARE.
   20 00000000         ; * ARM SHALL NOT, IN ANY CIRCUMSTANCES, BE LIABLE FOR S
                       PECIAL, INCIDENTAL, OR
   21 00000000         ; * CONSEQUENTIAL DAMAGES, FOR ANY REASON WHATSOEVER.
   22 00000000         ; *
   23 00000000         ; ******************************************************
                       ************************/
   24 00000000         
   25 00000000         ; *------- <<< Use Configuration Wizard in Context Menu 
                       >>> ------------------
   26 00000000         
   27 00000000         ; <h> Stack Configuration
   28 00000000         ;   <o> Stack Size (in Bytes) <0x0-0xFFFFFFFF:8>
   29 00000000         ; </h>
   30 00000000         
   31 00000000 00000200 
                       Stack_Size
                               EQU              0x00000200
   32 00000000         
   33 00000000                 AREA             STACK, NOINIT, READWRITE, ALIGN
=3
   34 00000000         Stack_Mem
                               SPACE            Stack_Size
   35 00000200         __initial_sp
   36 00000200         
   37 00000200         
   38 00000200         ; <h> Heap Configuration
   39 00000200         ;   <o>  Heap Size (in Bytes) <0x0-0xFFFFFFFF:8>
   40 00000200         ; </h>
   41 00000200         
   42 00000200 00000000 
                       Heap_Size



ARM Macro Assembler    Page 2 


                               EQU              0x00000000
   43 00000200         
   44 00000200                 AREA             HEAP, NOINIT, READWRITE, ALIGN=
3
   45 00000000         __heap_base
   46 00000000         Heap_Mem
                               SPACE            Heap_Size
   47 00000000         __heap_limit
   48 00000000         
   49 00000000         
   50 00000000                 PRESERVE8
   51 00000000                 THUMB
   52 00000000         
   53 00000000         
   54 00000000         ; Vector Table Mapped to Address 0 at Reset
   55 00000000         
   56 00000000                 AREA             RESET, DATA, READONLY
   57 00000000                 EXPORT           __Vectors
   58 00000000         
   59 00000000 00000000 
                       __Vectors
                               DCD              __initial_sp ; Top of Stack
   60 00000004 00000000        DCD              Reset_Handler ; Reset Handler
   61 00000008 00000000        DCD              NMI_Handler ; NMI Handler
   62 0000000C 00000000        DCD              HardFault_Handler ; Hard Fault 
                                                            Handler
   63 00000010 00000000        DCD              MemManage_Handler 
                                                            ; MPU Fault Handler
                                                            
   64 00000014 00000000        DCD              BusFault_Handler 
                                                            ; Bus Fault Handler
                                                            
   65 00000018 00000000        DCD              UsageFault_Handler ; Usage Faul
                                                            t Handler
   66 0000001C 00000000        DCD              0           ; Reserved
   67 00000020 00000000        DCD              0           ; Reserved
   68 00000024 00000000        DCD              0           ; Reserved
   69 00000028 00000000        DCD              0           ; Reserved
   70 0000002C 00000000        DCD              SVC_Handler ; SVCall Handler
   71 00000030 00000000        DCD              DebugMon_Handler ; Debug Monito
                                                            r Handler
   72 00000034 00000000        DCD              0           ; Reserved
   73 00000038 00000000        DCD              PendSV_Handler ; PendSV Handler
                                                            
   74 0000003C 00000000        DCD              SysTick_Handler 
                                                            ; SysTick Handler
   75 00000040         
   76 00000040         ; External Interrupts
   77 00000040 00000000        DCD              WDT_IRQHandler ; 16: Watchdog T
                                                            imer
   78 00000044 00000000        DCD              TIMER0_IRQHandler ; 17: Timer0
   79 00000048 00000000        DCD              TIMER1_IRQHandler ; 18: Timer1
   80 0000004C 00000000        DCD              TIMER2_IRQHandler ; 19: Timer2
   81 00000050 00000000        DCD              TIMER3_IRQHandler ; 20: Timer3
   82 00000054 00000000        DCD              UART0_IRQHandler ; 21: UART0
   83 00000058 00000000        DCD              UART1_IRQHandler ; 22: UART1
   84 0000005C 00000000        DCD              UART2_IRQHandler ; 23: UART2
   85 00000060 00000000        DCD              UART3_IRQHandler ; 24: UART3
   86 00000064 00000000        DCD              PWM1_IRQHandler ; 25: PWM1



ARM Macro Assembler    Page 3 


   87 00000068 00000000        DCD              I2C0_IRQHandler ; 26: I2C0
   88 0000006C 00000000        DCD              I2C1_IRQHandler ; 27: I2C1
   89 00000070 00000000        DCD              I2C2_IRQHandler ; 28: I2C2
   90 00000074 00000000        DCD              SPI_IRQHandler ; 29: SPI
   91 00000078 00000000        DCD              SSP0_IRQHandler ; 30: SSP0
   92 0000007C 00000000        DCD              SSP1_IRQHandler ; 31: SSP1
   93 00000080 00000000        DCD              PLL0_IRQHandler ; 32: PLL0 Lock
                                                             (Main PLL)
   94 00000084 00000000        DCD              RTC_IRQHandler ; 33: Real Time 
                                                            Clock
   95 00000088 00000000        DCD              EINT0_IRQHandler ; 34: External
                                                             Interrupt 0
   96 0000008C 00000000        DCD              EINT1_IRQHandler ; 35: External
                                                             Interrupt 1
   97 00000090 00000000        DCD              EINT2_IRQHandler ; 36: External
                                                             Interrupt 2
   98 00000094 00000000        DCD              EINT3_IRQHandler ; 37: External
                                                             Interrupt 3
   99 00000098 00000000        DCD              ADC_IRQHandler 
                                                            ; 38: A/D Converter
                                                            
  100 0000009C 00000000        DCD              BOD_IRQHandler ; 39: Brown-Out 
                                                            Detect
  101 000000A0 00000000        DCD              USB_IRQHandler ; 40: USB
  102 000000A4 00000000        DCD              CAN_IRQHandler ; 41: CAN
  103 000000A8 00000000        DCD              DMA_IRQHandler ; 42: General Pu
                                                            rpose DMA
  104 000000AC 00000000        DCD              I2S_IRQHandler ; 43: I2S
  105 000000B0 00000000        DCD              ENET_IRQHandler ; 44: Ethernet
  106 000000B4 00000000        DCD              RIT_IRQHandler ; 45: Repetitive
                                                             Interrupt Timer
  107 000000B8 00000000        DCD              MCPWM_IRQHandler ; 46: Motor Co
                                                            ntrol PWM
  108 000000BC 00000000        DCD              QEI_IRQHandler ; 47: Quadrature
                                                             Encoder Interface
  109 000000C0 00000000        DCD              PLL1_IRQHandler ; 48: PLL1 Lock
                                                             (USB PLL)
  110 000000C4 00000000        DCD              USBActivity_IRQHandler ; 49: US
                                                            B Activity interrup
                                                            t to wakeup
  111 000000C8 00000000        DCD              CANActivity_IRQHandler ; 50: CA
                                                            N Activity interrup
                                                            t to wakeup
  112 000000CC         
  113 000000CC         
  114 000000CC                 IF               :LNOT::DEF:NO_CRP
  115 000000CC                 AREA             |.ARM.__at_0x02FC|, CODE, READO
NLY
  116 00000000 FFFFFFFF 
                       CRP_Key DCD              0xFFFFFFFF
  117 00000004                 ENDIF
  118 00000004         
  119 00000004         
  120 00000004         
  121 00000004         
  122 00000004                 AREA             My_DATA, DATA, READWRITE, align
=3
  123 00000000 00 00 00 
              00 00 00 



ARM Macro Assembler    Page 4 


              00 00 00 
              00 00 00 My_space
                               SPACE            12
  124 0000000C         
  125 0000000C         
  126 0000000C                 AREA             |.text|, CODE, READONLY, align=
3
  127 00000000         
  128 00000000         ; Reset Handler
  129 00000000         
  130 00000000         
  131 00000000         Reset_Handler
                               PROC
  132 00000000                 EXPORT           Reset_Handler             [WEAK
]
  133 00000000         
  134 00000000         ;parameters passing using registers
  135 00000000         ;the called function retunrs the absolute value of regis
                       ter difference
  136 00000000         
  137 00000000 F04F 000A       mov              r0, #10
  138 00000004 F04F 0125       mov              r1, #37
  139 00000008         
  140 00000008 F7FF FFFE       BL               sub1
  141 0000000C         
  142 0000000C         
  143 0000000C         ;parameters passing by reference
  144 0000000C         ;the information passed is only a reference address, whe
                       re the needed info is allocated
  145 0000000C         ;the called function retunrs the absolute value of regis
                       ter difference
  146 0000000C         
  147 0000000C F04F 0034       MOV              r0, #0x34
  148 00000010 F04F 01A3       MOV              r1, #0xA3
  149 00000014 4B19            LDR              r3, =My_space
  150 00000016 E883 0003       STMIA            r3, {r0, r1}
  151 0000001A F7FF FFFE       BL               sub2
  152 0000001E 681A            LDR              r2, [r3]
  153 00000020         ; r2 contains the result
  154 00000020         
  155 00000020         
  156 00000020         ;parameters passing using the stack
  157 00000020         ;the information is passed in the stack and returned in 
                       the stack
  158 00000020         ;the called function retunrs the absolute value of regis
                       ter difference
  159 00000020         
  160 00000020 F04F 0025       mov              r0, #37
  161 00000024 F04F 012A       mov              r1, #42
  162 00000028         
  163 00000028         ; r2 is not necessary, but in this way there is an empty
                        slot in the stack 
  164 00000028         ; used to return back the function result
  165 00000028 B407            push             {r0, r1, r2}
  166 0000002A         
  167 0000002A F7FF FFFE       bl               sub3
  168 0000002E         
  169 0000002E         ; after the pop, the original values are in r0 and r1
  170 0000002E         ; and the function result is saved in r2



ARM Macro Assembler    Page 5 


  171 0000002E BC07            pop              {r0, r1, r2}
  172 00000030         
  173 00000030         
  174 00000030 E7FE            B                .
  175 00000032                 ENDP
  176 00000032         
  177 00000032         
  178 00000032         sub1    PROC
  179 00000032 B500            push             {LR}
  180 00000034 4288            cmp              r0, r1
  181 00000036 BFA8 1A42       subge            r2, r0, r1
  182 0000003A BF38 1A0A       sublo            r2, r1, r0
  183 0000003E         
  184 0000003E BD00            pop              {PC}
  185 00000040         
  186 00000040                 ENDP
  187 00000040         
  188 00000040         
  189 00000040         
  190 00000040         sub2    PROC
  191 00000040 B534            PUSH             {r2, r4, r5, LR}
  192 00000042 E893 0030       LDMIA            r3, {r4, r5}
  193 00000046 42AC            CMP              r4, r5
  194 00000048 BF2C 1B62       SUBHS            r2, r4, r5
  195 0000004C 1B2A            SUBLO            r2, r5, r4
  196 0000004E 601A            STR              r2, [r3]
  197 00000050 BD34            POP              {r2, r4, r5, PC}
  198 00000052                 ENDP
  199 00000052         
  200 00000052         
  201 00000052         
  202 00000052         
  203 00000052         
  204 00000052         
  205 00000052         sub3    PROC
  206 00000052 B570            push             {r4, r5, r6, LR}
  207 00000054 9C04            LDR              r4, [sp, #16]
  208 00000056 9D05            LDR              r5, [SP, #20]
  209 00000058 42AC            cmp              r4, r5
  210 0000005A BFA8 1B66       subge            r6, r4, r5
  211 0000005E BF38 1B2E       sublo            r6, r5, r4
  212 00000062 9606            STR              r6, [sp, #24]
  213 00000064         
  214 00000064 BD70            pop              {r4, r5, r6, PC}
  215 00000066         
  216 00000066                 ENDP
  217 00000066         
  218 00000066         
  219 00000066         
  220 00000066         
  221 00000066         
  222 00000066         
  223 00000066         ; Dummy Exception Handlers (infinite loops which can be 
                       modified)
  224 00000066         
  225 00000066         NMI_Handler
                               PROC
  226 00000066                 EXPORT           NMI_Handler               [WEAK
]



ARM Macro Assembler    Page 6 


  227 00000066 E7FE            B                .
  228 00000068                 ENDP
  230 00000068         HardFault_Handler
                               PROC
  231 00000068                 EXPORT           HardFault_Handler         [WEAK
]
  232 00000068 E7FE            B                .
  233 0000006A                 ENDP
  235 0000006A         MemManage_Handler
                               PROC
  236 0000006A                 EXPORT           MemManage_Handler         [WEAK
]
  237 0000006A E7FE            B                .
  238 0000006C                 ENDP
  240 0000006C         BusFault_Handler
                               PROC
  241 0000006C                 EXPORT           BusFault_Handler          [WEAK
]
  242 0000006C E7FE            B                .
  243 0000006E                 ENDP
  245 0000006E         UsageFault_Handler
                               PROC
  246 0000006E                 EXPORT           UsageFault_Handler        [WEAK
]
  247 0000006E E7FE            B                .
  248 00000070                 ENDP
  249 00000070         SVC_Handler
                               PROC
  250 00000070                 EXPORT           SVC_Handler               [WEAK
]
  251 00000070 E7FE            B                .
  252 00000072                 ENDP
  254 00000072         DebugMon_Handler
                               PROC
  255 00000072                 EXPORT           DebugMon_Handler          [WEAK
]
  256 00000072 E7FE            B                .
  257 00000074                 ENDP
  258 00000074         PendSV_Handler
                               PROC
  259 00000074                 EXPORT           PendSV_Handler            [WEAK
]
  260 00000074 E7FE            B                .
  261 00000076                 ENDP
  262 00000076         SysTick_Handler
                               PROC
  263 00000076                 EXPORT           SysTick_Handler           [WEAK
]
  264 00000076 E7FE            B                .
  265 00000078                 ENDP
  266 00000078         
  267 00000078         Default_Handler
                               PROC
  268 00000078         
  269 00000078                 EXPORT           WDT_IRQHandler            [WEAK
]
  270 00000078                 EXPORT           TIMER0_IRQHandler         [WEAK
]
  271 00000078                 EXPORT           TIMER1_IRQHandler         [WEAK



ARM Macro Assembler    Page 7 


]
  272 00000078                 EXPORT           TIMER2_IRQHandler         [WEAK
]
  273 00000078                 EXPORT           TIMER3_IRQHandler         [WEAK
]
  274 00000078                 EXPORT           UART0_IRQHandler          [WEAK
]
  275 00000078                 EXPORT           UART1_IRQHandler          [WEAK
]
  276 00000078                 EXPORT           UART2_IRQHandler          [WEAK
]
  277 00000078                 EXPORT           UART3_IRQHandler          [WEAK
]
  278 00000078                 EXPORT           PWM1_IRQHandler           [WEAK
]
  279 00000078                 EXPORT           I2C0_IRQHandler           [WEAK
]
  280 00000078                 EXPORT           I2C1_IRQHandler           [WEAK
]
  281 00000078                 EXPORT           I2C2_IRQHandler           [WEAK
]
  282 00000078                 EXPORT           SPI_IRQHandler            [WEAK
]
  283 00000078                 EXPORT           SSP0_IRQHandler           [WEAK
]
  284 00000078                 EXPORT           SSP1_IRQHandler           [WEAK
]
  285 00000078                 EXPORT           PLL0_IRQHandler           [WEAK
]
  286 00000078                 EXPORT           RTC_IRQHandler            [WEAK
]
  287 00000078                 EXPORT           EINT0_IRQHandler          [WEAK
]
  288 00000078                 EXPORT           EINT1_IRQHandler          [WEAK
]
  289 00000078                 EXPORT           EINT2_IRQHandler          [WEAK
]
  290 00000078                 EXPORT           EINT3_IRQHandler          [WEAK
]
  291 00000078                 EXPORT           ADC_IRQHandler            [WEAK
]
  292 00000078                 EXPORT           BOD_IRQHandler            [WEAK
]
  293 00000078                 EXPORT           USB_IRQHandler            [WEAK
]
  294 00000078                 EXPORT           CAN_IRQHandler            [WEAK
]
  295 00000078                 EXPORT           DMA_IRQHandler            [WEAK
]
  296 00000078                 EXPORT           I2S_IRQHandler            [WEAK
]
  297 00000078                 EXPORT           ENET_IRQHandler           [WEAK
]
  298 00000078                 EXPORT           RIT_IRQHandler            [WEAK
]
  299 00000078                 EXPORT           MCPWM_IRQHandler          [WEAK
]
  300 00000078                 EXPORT           QEI_IRQHandler            [WEAK
]



ARM Macro Assembler    Page 8 


  301 00000078                 EXPORT           PLL1_IRQHandler           [WEAK
]
  302 00000078                 EXPORT           USBActivity_IRQHandler    [WEAK
]
  303 00000078                 EXPORT           CANActivity_IRQHandler    [WEAK
]
  304 00000078         
  305 00000078         WDT_IRQHandler
  306 00000078         TIMER0_IRQHandler
  307 00000078         TIMER1_IRQHandler
  308 00000078         TIMER2_IRQHandler
  309 00000078         TIMER3_IRQHandler
  310 00000078         UART0_IRQHandler
  311 00000078         UART1_IRQHandler
  312 00000078         UART2_IRQHandler
  313 00000078         UART3_IRQHandler
  314 00000078         PWM1_IRQHandler
  315 00000078         I2C0_IRQHandler
  316 00000078         I2C1_IRQHandler
  317 00000078         I2C2_IRQHandler
  318 00000078         SPI_IRQHandler
  319 00000078         SSP0_IRQHandler
  320 00000078         SSP1_IRQHandler
  321 00000078         PLL0_IRQHandler
  322 00000078         RTC_IRQHandler
  323 00000078         EINT0_IRQHandler
  324 00000078         EINT1_IRQHandler
  325 00000078         EINT2_IRQHandler
  326 00000078         EINT3_IRQHandler
  327 00000078         ADC_IRQHandler
  328 00000078         BOD_IRQHandler
  329 00000078         USB_IRQHandler
  330 00000078         CAN_IRQHandler
  331 00000078         DMA_IRQHandler
  332 00000078         I2S_IRQHandler
  333 00000078         ENET_IRQHandler
  334 00000078         RIT_IRQHandler
  335 00000078         MCPWM_IRQHandler
  336 00000078         QEI_IRQHandler
  337 00000078         PLL1_IRQHandler
  338 00000078         USBActivity_IRQHandler
  339 00000078         CANActivity_IRQHandler
  340 00000078         
  341 00000078 E7FE            B                .
  342 0000007A         
  343 0000007A                 ENDP
  344 0000007A         
  345 0000007A         
  346 0000007A 00 00           ALIGN
  347 0000007C         
  348 0000007C         
  349 0000007C         ; User Initial Stack & Heap
  350 0000007C         
  351 0000007C                 EXPORT           __initial_sp
  352 0000007C                 EXPORT           __heap_base
  353 0000007C                 EXPORT           __heap_limit
  354 0000007C         
  355 0000007C                 END
              00000000 



ARM Macro Assembler    Page 9 


Command Line: --debug --xref --diag_suppress=9931,A1950W --cpu=Cortex-M3 --depe
nd=.\startup.d -o.\startup.o -I.\RTE\_Target_1 -IC:\Users\sanch\AppData\Local\A
rm\Packs\ARM\CMSIS\6.1.0\CMSIS\Core\Include -IC:\Users\sanch\AppData\Local\Arm\
Packs\Keil\LPC1700_DFP\2.7.2\Device\Include --predefine="__EVAL SETA 1" --prede
fine="__UVISION_VERSION SETA 541" --predefine="LPC175x_6x SETA 1" --predefine="
_RTE_ SETA 1" --list=.\startup.lst startup.s



ARM Macro Assembler    Page 1 Alphabetic symbol ordering
Relocatable symbols

STACK 00000000

Symbol: STACK
   Definitions
      At line 33 in file startup.s
   Uses
      None
Comment: STACK unused
Stack_Mem 00000000

Symbol: Stack_Mem
   Definitions
      At line 34 in file startup.s
   Uses
      None
Comment: Stack_Mem unused
__initial_sp 00000200

Symbol: __initial_sp
   Definitions
      At line 35 in file startup.s
   Uses
      At line 59 in file startup.s
      At line 351 in file startup.s

3 symbols



ARM Macro Assembler    Page 1 Alphabetic symbol ordering
Relocatable symbols

HEAP 00000000

Symbol: HEAP
   Definitions
      At line 44 in file startup.s
   Uses
      None
Comment: HEAP unused
Heap_Mem 00000000

Symbol: Heap_Mem
   Definitions
      At line 46 in file startup.s
   Uses
      None
Comment: Heap_Mem unused
__heap_base 00000000

Symbol: __heap_base
   Definitions
      At line 45 in file startup.s
   Uses
      At line 352 in file startup.s
Comment: __heap_base used once
__heap_limit 00000000

Symbol: __heap_limit
   Definitions
      At line 47 in file startup.s
   Uses
      At line 353 in file startup.s
Comment: __heap_limit used once
4 symbols



ARM Macro Assembler    Page 1 Alphabetic symbol ordering
Relocatable symbols

RESET 00000000

Symbol: RESET
   Definitions
      At line 56 in file startup.s
   Uses
      None
Comment: RESET unused
__Vectors 00000000

Symbol: __Vectors
   Definitions
      At line 59 in file startup.s
   Uses
      At line 57 in file startup.s
Comment: __Vectors used once
2 symbols



ARM Macro Assembler    Page 1 Alphabetic symbol ordering
Relocatable symbols

.ARM.__at_0x02FC 00000000

Symbol: .ARM.__at_0x02FC
   Definitions
      At line 115 in file startup.s
   Uses
      None
Comment: .ARM.__at_0x02FC unused
CRP_Key 00000000

Symbol: CRP_Key
   Definitions
      At line 116 in file startup.s
   Uses
      None
Comment: CRP_Key unused
2 symbols



ARM Macro Assembler    Page 1 Alphabetic symbol ordering
Relocatable symbols

My_DATA 00000000

Symbol: My_DATA
   Definitions
      At line 122 in file startup.s
   Uses
      None
Comment: My_DATA unused
My_space 00000000

Symbol: My_space
   Definitions
      At line 123 in file startup.s
   Uses
      At line 149 in file startup.s
Comment: My_space used once
2 symbols



ARM Macro Assembler    Page 1 Alphabetic symbol ordering
Relocatable symbols

.text 00000000

Symbol: .text
   Definitions
      At line 126 in file startup.s
   Uses
      None
Comment: .text unused
ADC_IRQHandler 00000078

Symbol: ADC_IRQHandler
   Definitions
      At line 327 in file startup.s
   Uses
      At line 99 in file startup.s
      At line 291 in file startup.s

BOD_IRQHandler 00000078

Symbol: BOD_IRQHandler
   Definitions
      At line 328 in file startup.s
   Uses
      At line 100 in file startup.s
      At line 292 in file startup.s

BusFault_Handler 0000006C

Symbol: BusFault_Handler
   Definitions
      At line 240 in file startup.s
   Uses
      At line 64 in file startup.s
      At line 241 in file startup.s

CANActivity_IRQHandler 00000078

Symbol: CANActivity_IRQHandler
   Definitions
      At line 339 in file startup.s
   Uses
      At line 111 in file startup.s
      At line 303 in file startup.s

CAN_IRQHandler 00000078

Symbol: CAN_IRQHandler
   Definitions
      At line 330 in file startup.s
   Uses
      At line 102 in file startup.s
      At line 294 in file startup.s

DMA_IRQHandler 00000078

Symbol: DMA_IRQHandler
   Definitions
      At line 331 in file startup.s
   Uses



ARM Macro Assembler    Page 2 Alphabetic symbol ordering
Relocatable symbols

      At line 103 in file startup.s
      At line 295 in file startup.s

DebugMon_Handler 00000072

Symbol: DebugMon_Handler
   Definitions
      At line 254 in file startup.s
   Uses
      At line 71 in file startup.s
      At line 255 in file startup.s

Default_Handler 00000078

Symbol: Default_Handler
   Definitions
      At line 267 in file startup.s
   Uses
      None
Comment: Default_Handler unused
EINT0_IRQHandler 00000078

Symbol: EINT0_IRQHandler
   Definitions
      At line 323 in file startup.s
   Uses
      At line 95 in file startup.s
      At line 287 in file startup.s

EINT1_IRQHandler 00000078

Symbol: EINT1_IRQHandler
   Definitions
      At line 324 in file startup.s
   Uses
      At line 96 in file startup.s
      At line 288 in file startup.s

EINT2_IRQHandler 00000078

Symbol: EINT2_IRQHandler
   Definitions
      At line 325 in file startup.s
   Uses
      At line 97 in file startup.s
      At line 289 in file startup.s

EINT3_IRQHandler 00000078

Symbol: EINT3_IRQHandler
   Definitions
      At line 326 in file startup.s
   Uses
      At line 98 in file startup.s
      At line 290 in file startup.s

ENET_IRQHandler 00000078

Symbol: ENET_IRQHandler



ARM Macro Assembler    Page 3 Alphabetic symbol ordering
Relocatable symbols

   Definitions
      At line 333 in file startup.s
   Uses
      At line 105 in file startup.s
      At line 297 in file startup.s

HardFault_Handler 00000068

Symbol: HardFault_Handler
   Definitions
      At line 230 in file startup.s
   Uses
      At line 62 in file startup.s
      At line 231 in file startup.s

I2C0_IRQHandler 00000078

Symbol: I2C0_IRQHandler
   Definitions
      At line 315 in file startup.s
   Uses
      At line 87 in file startup.s
      At line 279 in file startup.s

I2C1_IRQHandler 00000078

Symbol: I2C1_IRQHandler
   Definitions
      At line 316 in file startup.s
   Uses
      At line 88 in file startup.s
      At line 280 in file startup.s

I2C2_IRQHandler 00000078

Symbol: I2C2_IRQHandler
   Definitions
      At line 317 in file startup.s
   Uses
      At line 89 in file startup.s
      At line 281 in file startup.s

I2S_IRQHandler 00000078

Symbol: I2S_IRQHandler
   Definitions
      At line 332 in file startup.s
   Uses
      At line 104 in file startup.s
      At line 296 in file startup.s

MCPWM_IRQHandler 00000078

Symbol: MCPWM_IRQHandler
   Definitions
      At line 335 in file startup.s
   Uses
      At line 107 in file startup.s
      At line 299 in file startup.s



ARM Macro Assembler    Page 4 Alphabetic symbol ordering
Relocatable symbols


MemManage_Handler 0000006A

Symbol: MemManage_Handler
   Definitions
      At line 235 in file startup.s
   Uses
      At line 63 in file startup.s
      At line 236 in file startup.s

NMI_Handler 00000066

Symbol: NMI_Handler
   Definitions
      At line 225 in file startup.s
   Uses
      At line 61 in file startup.s
      At line 226 in file startup.s

PLL0_IRQHandler 00000078

Symbol: PLL0_IRQHandler
   Definitions
      At line 321 in file startup.s
   Uses
      At line 93 in file startup.s
      At line 285 in file startup.s

PLL1_IRQHandler 00000078

Symbol: PLL1_IRQHandler
   Definitions
      At line 337 in file startup.s
   Uses
      At line 109 in file startup.s
      At line 301 in file startup.s

PWM1_IRQHandler 00000078

Symbol: PWM1_IRQHandler
   Definitions
      At line 314 in file startup.s
   Uses
      At line 86 in file startup.s
      At line 278 in file startup.s

PendSV_Handler 00000074

Symbol: PendSV_Handler
   Definitions
      At line 258 in file startup.s
   Uses
      At line 73 in file startup.s
      At line 259 in file startup.s

QEI_IRQHandler 00000078

Symbol: QEI_IRQHandler
   Definitions



ARM Macro Assembler    Page 5 Alphabetic symbol ordering
Relocatable symbols

      At line 336 in file startup.s
   Uses
      At line 108 in file startup.s
      At line 300 in file startup.s

RIT_IRQHandler 00000078

Symbol: RIT_IRQHandler
   Definitions
      At line 334 in file startup.s
   Uses
      At line 106 in file startup.s
      At line 298 in file startup.s

RTC_IRQHandler 00000078

Symbol: RTC_IRQHandler
   Definitions
      At line 322 in file startup.s
   Uses
      At line 94 in file startup.s
      At line 286 in file startup.s

Reset_Handler 00000000

Symbol: Reset_Handler
   Definitions
      At line 131 in file startup.s
   Uses
      At line 60 in file startup.s
      At line 132 in file startup.s

SPI_IRQHandler 00000078

Symbol: SPI_IRQHandler
   Definitions
      At line 318 in file startup.s
   Uses
      At line 90 in file startup.s
      At line 282 in file startup.s

SSP0_IRQHandler 00000078

Symbol: SSP0_IRQHandler
   Definitions
      At line 319 in file startup.s
   Uses
      At line 91 in file startup.s
      At line 283 in file startup.s

SSP1_IRQHandler 00000078

Symbol: SSP1_IRQHandler
   Definitions
      At line 320 in file startup.s
   Uses
      At line 92 in file startup.s
      At line 284 in file startup.s




ARM Macro Assembler    Page 6 Alphabetic symbol ordering
Relocatable symbols

SVC_Handler 00000070

Symbol: SVC_Handler
   Definitions
      At line 249 in file startup.s
   Uses
      At line 70 in file startup.s
      At line 250 in file startup.s

SysTick_Handler 00000076

Symbol: SysTick_Handler
   Definitions
      At line 262 in file startup.s
   Uses
      At line 74 in file startup.s
      At line 263 in file startup.s

TIMER0_IRQHandler 00000078

Symbol: TIMER0_IRQHandler
   Definitions
      At line 306 in file startup.s
   Uses
      At line 78 in file startup.s
      At line 270 in file startup.s

TIMER1_IRQHandler 00000078

Symbol: TIMER1_IRQHandler
   Definitions
      At line 307 in file startup.s
   Uses
      At line 79 in file startup.s
      At line 271 in file startup.s

TIMER2_IRQHandler 00000078

Symbol: TIMER2_IRQHandler
   Definitions
      At line 308 in file startup.s
   Uses
      At line 80 in file startup.s
      At line 272 in file startup.s

TIMER3_IRQHandler 00000078

Symbol: TIMER3_IRQHandler
   Definitions
      At line 309 in file startup.s
   Uses
      At line 81 in file startup.s
      At line 273 in file startup.s

UART0_IRQHandler 00000078

Symbol: UART0_IRQHandler
   Definitions
      At line 310 in file startup.s



ARM Macro Assembler    Page 7 Alphabetic symbol ordering
Relocatable symbols

   Uses
      At line 82 in file startup.s
      At line 274 in file startup.s

UART1_IRQHandler 00000078

Symbol: UART1_IRQHandler
   Definitions
      At line 311 in file startup.s
   Uses
      At line 83 in file startup.s
      At line 275 in file startup.s

UART2_IRQHandler 00000078

Symbol: UART2_IRQHandler
   Definitions
      At line 312 in file startup.s
   Uses
      At line 84 in file startup.s
      At line 276 in file startup.s

UART3_IRQHandler 00000078

Symbol: UART3_IRQHandler
   Definitions
      At line 313 in file startup.s
   Uses
      At line 85 in file startup.s
      At line 277 in file startup.s

USBActivity_IRQHandler 00000078

Symbol: USBActivity_IRQHandler
   Definitions
      At line 338 in file startup.s
   Uses
      At line 110 in file startup.s
      At line 302 in file startup.s

USB_IRQHandler 00000078

Symbol: USB_IRQHandler
   Definitions
      At line 329 in file startup.s
   Uses
      At line 101 in file startup.s
      At line 293 in file startup.s

UsageFault_Handler 0000006E

Symbol: UsageFault_Handler
   Definitions
      At line 245 in file startup.s
   Uses
      At line 65 in file startup.s
      At line 246 in file startup.s

WDT_IRQHandler 00000078



ARM Macro Assembler    Page 8 Alphabetic symbol ordering
Relocatable symbols


Symbol: WDT_IRQHandler
   Definitions
      At line 305 in file startup.s
   Uses
      At line 77 in file startup.s
      At line 269 in file startup.s

sub1 00000032

Symbol: sub1
   Definitions
      At line 178 in file startup.s
   Uses
      At line 140 in file startup.s
Comment: sub1 used once
sub2 00000040

Symbol: sub2
   Definitions
      At line 190 in file startup.s
   Uses
      At line 151 in file startup.s
Comment: sub2 used once
sub3 00000052

Symbol: sub3
   Definitions
      At line 205 in file startup.s
   Uses
      At line 167 in file startup.s
Comment: sub3 used once
50 symbols



ARM Macro Assembler    Page 1 Alphabetic symbol ordering
Absolute symbols

Heap_Size 00000000

Symbol: Heap_Size
   Definitions
      At line 42 in file startup.s
   Uses
      At line 46 in file startup.s
Comment: Heap_Size used once
Stack_Size 00000200

Symbol: Stack_Size
   Definitions
      At line 31 in file startup.s
   Uses
      At line 34 in file startup.s
Comment: Stack_Size used once
2 symbols
403 symbols in table
